-------------------------------------------------------------------------------
[01:02AM] NGL configured with 
[01:02AM] OpenGL 4.1 ATI-4.9.48
[01:02AM] GLSL version 4.10
-------------------------------------------------------------------------------
[01:02AM] creating empty ShaderProgram nglTextShader
[01:02AM] just attached nglTextVertex to ngl::ShaderLib
[01:02AM] just attached nglTextFragment to ngl::ShaderLib
[01:02AM] Compiling Shader nglTextVertex
[01:02AM] Compiling Shader nglTextFragment
[01:02AM] nglTextVertex attached to program
[01:02AM] nglTextFragment attached to program
[01:02AM] Linking nglTextShader
[01:02AM] linking Shader nglTextShader 
WARNING: Could not find vertex shader attribute 'inUV' to match BindAttributeLocation request.

FOUND UNIFORM BLOCKS 0
FOUND UNIFORM BLOCKS 0
[01:02AM] creating empty ShaderProgram nglColourShader
[01:02AM] just attached nglColourVertex to ngl::ShaderLib
[01:02AM] just attached nglColourFragment to ngl::ShaderLib
[01:02AM] Compiling Shader nglColourVertex
[01:02AM] Compiling Shader nglColourFragment
[01:02AM] nglColourVertex attached to program
[01:02AM] nglColourFragment attached to program
[01:02AM] Linking nglColourShader
[01:02AM] linking Shader nglColourShader 
FOUND UNIFORM BLOCKS 0
FOUND UNIFORM BLOCKS 0
[01:02AM] creating empty ShaderProgram nglDiffuseShader
[01:02AM] just attached nglDiffuseVertex to ngl::ShaderLib
[01:02AM] just attached nglDiffuseFragment to ngl::ShaderLib
[01:02AM] Compiling Shader nglDiffuseVertex
[01:02AM] Compiling Shader nglDiffuseFragment
[01:02AM] nglDiffuseVertex attached to program
[01:02AM] nglDiffuseFragment attached to program
[01:02AM] Linking nglDiffuseShader
[01:02AM] linking Shader nglDiffuseShader 
FOUND UNIFORM BLOCKS 0
FOUND UNIFORM BLOCKS 0
[01:02AM] creating empty ShaderProgram nglCheckerShader
[01:02AM] just attached nglCheckerVertex to ngl::ShaderLib
[01:02AM] just attached nglCheckerFragment to ngl::ShaderLib
[01:02AM] Compiling Shader nglCheckerVertex
[01:02AM] Compiling Shader nglCheckerFragment
[01:02AM] nglCheckerVertex attached to program
[01:02AM] nglCheckerFragment attached to program
[01:02AM] Linking nglCheckerShader
[01:02AM] linking Shader nglCheckerShader 
FOUND UNIFORM BLOCKS 0
FOUND UNIFORM BLOCKS 0
[01:02AM] [WARNING] :- Uniform normalMatrix Not found in Shader nglColourShader
[01:02AM] [WARNING] :- Uniform normalMatrix Not found in Shader nglColourShader
[01:02AM] [WARNING] :- Uniform normalMatrix Not found in Shader nglColourShader
[01:02AM] [WARNING] :- Uniform normalMatrix Not found in Shader nglColourShader
[01:02AM] [WARNING] :- Uniform normalMatrix Not found in Shader nglColourShader
[01:02AM] [WARNING] :- Uniform normalMatrix Not found in Shader nglColourShader
[01:02AM] [WARNING] :- Uniform normalMatrix Not found in Shader nglColourShader
[01:02AM] [WARNING] :- Uniform normalMatrix Not found in Shader nglColourShader
[01:02AM] [WARNING] :- Uniform normalMatrix Not found in Shader nglColourShader
[01:02AM] [WARNING] :- Uniform normalMatrix Not found in Shader nglColourShader
[01:02AM] [WARNING] :- Uniform normalMatrix Not found in Shader nglColourShader
[01:02AM] [WARNING] :- Uniform normalMatrix Not found in Shader nglColourShader
[01:02AM] [WARNING] :- Uniform normalMatrix Not found in Shader nglColourShader
[01:02AM] [WARNING] :- Uniform normalMatrix Not found in Shader nglColourShader
[01:02AM] [WARNING] :- Uniform normalMatrix Not found in Shader nglColourShader
[01:02AM] [WARNING] :- Uniform normalMatrix Not found in Shader nglColourShader
[01:02AM] [WARNING] :- Uniform normalMatrix Not found in Shader nglColourShader
[01:02AM] [WARNING] :- Uniform normalMatrix Not found in Shader nglColourShader
[01:02AM] [WARNING] :- Uniform normalMatrix Not found in Shader nglColourShader
[01:02AM] [WARNING] :- Uniform normalMatrix Not found in Shader nglColourShader
[01:02AM] [WARNING] :- Uniform normalMatrix Not found in Shader nglColourShader
[01:02AM] [WARNING] :- Uniform normalMatrix Not found in Shader nglColourShader
[01:02AM] [WARNING] :- Uniform normalMatrix Not found in Shader nglColourShader
[01:02AM] [WARNING] :- Uniform normalMatrix Not found in Shader nglColourShader
[01:02AM] [WARNING] :- Uniform normalMatrix Not found in Shader nglColourShader
[01:02AM] [WARNING] :- Uniform normalMatrix Not found in Shader nglColourShader
[01:02AM] [WARNING] :- Uniform normalMatrix Not found in Shader nglColourShader
[01:02AM] [WARNING] :- Uniform normalMatrix Not found in Shader nglColourShader
[01:02AM] [WARNING] :- Uniform normalMatrix Not found in Shader nglColourShader
[01:02AM] [WARNING] :- Uniform normalMatrix Not found in Shader nglColourShader
[01:02AM] [WARNING] :- Uniform normalMatrix Not found in Shader nglColourShader
[01:02AM] [WARNING] :- Uniform normalMatrix Not found in Shader nglColourShader
[01:02AM] [WARNING] :- Uniform normalMatrix Not found in Shader nglColourShader
[01:02AM] [WARNING] :- Uniform normalMatrix Not found in Shader nglColourShader
[01:02AM] [WARNING] :- Uniform normalMatrix Not found in Shader nglColourShader
[01:02AM] [WARNING] :- Uniform normalMatrix Not found in Shader nglColourShader
[01:02AM] [WARNING] :- Uniform normalMatrix Not found in Shader nglColourShader
[01:02AM] [WARNING] :- Uniform normalMatrix Not found in Shader nglColourShader
[01:02AM] [WARNING] :- Uniform normalMatrix Not found in Shader nglColourShader
[01:02AM] [WARNING] :- Uniform normalMatrix Not found in Shader nglColourShader
[01:02AM] [WARNING] :- Uniform normalMatrix Not found in Shader nglColourShader
[01:02AM] [WARNING] :- Uniform normalMatrix Not found in Shader nglColourShader
[01:02AM] [WARNING] :- Uniform normalMatrix Not found in Shader nglColourShader
[01:02AM] [WARNING] :- Uniform normalMatrix Not found in Shader nglColourShader
[01:02AM] [WARNING] :- Uniform normalMatrix Not found in Shader nglColourShader
[01:02AM] [WARNING] :- Uniform normalMatrix Not found in Shader nglColourShader
[01:02AM] [WARNING] :- Uniform normalMatrix Not found in Shader nglColourShader
[01:02AM] [WARNING] :- Uniform normalMatrix Not found in Shader nglColourShader
[01:02AM] [WARNING] :- Uniform normalMatrix Not found in Shader nglColourShader
[01:02AM] [WARNING] :- Uniform normalMatrix Not found in Shader nglColourShader
[01:02AM] [WARNING] :- Uniform normalMatrix Not found in Shader nglColourShader
[01:02AM] [WARNING] :- Uniform normalMatrix Not found in Shader nglColourShader
[01:02AM] [WARNING] :- Uniform normalMatrix Not found in Shader nglColourShader
[01:02AM] [WARNING] :- Uniform normalMatrix Not found in Shader nglColourShader
[01:02AM] [WARNING] :- Uniform normalMatrix Not found in Shader nglColourShader
[01:02AM] [WARNING] :- Uniform normalMatrix Not found in Shader nglColourShader
[01:02AM] [WARNING] :- Uniform normalMatrix Not found in Shader nglColourShader
[01:02AM] [WARNING] :- Uniform normalMatrix Not found in Shader nglColourShader
[01:02AM] [WARNING] :- Uniform normalMatrix Not found in Shader nglColourShader
[01:02AM] [WARNING] :- Uniform normalMatrix Not found in Shader nglColourShader
[01:02AM] [WARNING] :- Uniform normalMatrix Not found in Shader nglColourShader
[01:02AM] [WARNING] :- Uniform normalMatrix Not found in Shader nglColourShader
[01:02AM] [WARNING] :- Uniform normalMatrix Not found in Shader nglColourShader
[01:02AM] [WARNING] :- Uniform normalMatrix Not found in Shader nglColourShader
[01:02AM] [WARNING] :- Uniform normalMatrix Not found in Shader nglColourShader
[01:02AM] [WARNING] :- Uniform normalMatrix Not found in Shader nglColourShader
[01:02AM] [WARNING] :- Uniform normalMatrix Not found in Shader nglColourShader
[01:02AM] [WARNING] :- Uniform normalMatrix Not found in Shader nglColourShader
[01:02AM] [WARNING] :- Uniform normalMatrix Not found in Shader nglColourShader
[01:02AM] [WARNING] :- Uniform normalMatrix Not found in Shader nglColourShader
[01:02AM] [WARNING] :- Uniform normalMatrix Not found in Shader nglColourShader
[01:02AM] [WARNING] :- Uniform normalMatrix Not found in Shader nglColourShader
[01:02AM] [WARNING] :- Uniform normalMatrix Not found in Shader nglColourShader
[01:02AM] [WARNING] :- Uniform normalMatrix Not found in Shader nglColourShader
[01:02AM] [WARNING] :- Uniform normalMatrix Not found in Shader nglColourShader
[01:02AM] [WARNING] :- Uniform normalMatrix Not found in Shader nglColourShader
[01:02AM] [WARNING] :- Uniform normalMatrix Not found in Shader nglColourShader
[01:02AM] [WARNING] :- Uniform normalMatrix Not found in Shader nglColourShader
[01:02AM] [WARNING] :- Uniform normalMatrix Not found in Shader nglColourShader
[01:02AM] [WARNING] :- Uniform normalMatrix Not found in Shader nglColourShader
[01:02AM] [WARNING] :- Uniform normalMatrix Not found in Shader nglColourShader
[01:02AM] [WARNING] :- Uniform normalMatrix Not found in Shader nglColourShader
[01:02AM] [WARNING] :- Uniform normalMatrix Not found in Shader nglColourShader
[01:02AM] [WARNING] :- Uniform normalMatrix Not found in Shader nglColourShader
[01:02AM] [WARNING] :- Uniform normalMatrix Not found in Shader nglColourShader
[01:02AM] [WARNING] :- Uniform normalMatrix Not found in Shader nglColourShader
[01:02AM] [WARNING] :- Uniform normalMatrix Not found in Shader nglColourShader
[01:02AM] [WARNING] :- Uniform normalMatrix Not found in Shader nglColourShader
[01:02AM] [WARNING] :- Uniform normalMatrix Not found in Shader nglColourShader
[01:02AM] [WARNING] :- Uniform normalMatrix Not found in Shader nglColourShader
[01:02AM] [WARNING] :- Uniform normalMatrix Not found in Shader nglColourShader
[01:02AM] [WARNING] :- Uniform normalMatrix Not found in Shader nglColourShader
[01:02AM] [WARNING] :- Uniform normalMatrix Not found in Shader nglColourShader
[01:02AM] [WARNING] :- Uniform normalMatrix Not found in Shader nglColourShader
[01:02AM] [WARNING] :- Uniform normalMatrix Not found in Shader nglColourShader
[01:02AM] [WARNING] :- Uniform normalMatrix Not found in Shader nglColourShader
[01:02AM] [WARNING] :- Uniform normalMatrix Not found in Shader nglColourShader
[01:02AM] [WARNING] :- Uniform normalMatrix Not found in Shader nglColourShader
[01:02AM] [WARNING] :- Uniform normalMatrix Not found in Shader nglColourShader
[01:02AM] [WARNING] :- Uniform normalMatrix Not found in Shader nglColourShader
[01:02AM] [WARNING] :- Uniform normalMatrix Not found in Shader nglColourShader
[01:02AM] [WARNING] :- Uniform normalMatrix Not found in Shader nglColourShader
[01:02AM] [WARNING] :- Uniform normalMatrix Not found in Shader nglColourShader
[01:02AM] [WARNING] :- Uniform normalMatrix Not found in Shader nglColourShader
[01:02AM] [WARNING] :- Uniform normalMatrix Not found in Shader nglColourShader
[01:02AM] [WARNING] :- Uniform normalMatrix Not found in Shader nglColourShader
[01:02AM] [WARNING] :- Uniform normalMatrix Not found in Shader nglColourShader
[01:02AM] [WARNING] :- Uniform normalMatrix Not found in Shader nglColourShader
[01:02AM] [WARNING] :- Uniform normalMatrix Not found in Shader nglColourShader
[01:02AM] [WARNING] :- Uniform normalMatrix Not found in Shader nglColourShader
[01:02AM] [WARNING] :- Uniform normalMatrix Not found in Shader nglColourShader
[01:02AM] [WARNING] :- Uniform normalMatrix Not found in Shader nglColourShader
[01:02AM] [WARNING] :- Uniform normalMatrix Not found in Shader nglColourShader
[01:02AM] [WARNING] :- Uniform normalMatrix Not found in Shader nglColourShader
[01:02AM] [WARNING] :- Uniform normalMatrix Not found in Shader nglColourShader
[01:02AM] [WARNING] :- Uniform normalMatrix Not found in Shader nglColourShader
[01:02AM] [WARNING] :- Uniform normalMatrix Not found in Shader nglColourShader
[01:02AM] [WARNING] :- Uniform normalMatrix Not found in Shader nglColourShader
[01:02AM] [WARNING] :- Uniform normalMatrix Not found in Shader nglColourShader
[01:02AM] [WARNING] :- Uniform normalMatrix Not found in Shader nglColourShader
[01:02AM] [WARNING] :- Uniform normalMatrix Not found in Shader nglColourShader
[01:02AM] [WARNING] :- Uniform normalMatrix Not found in Shader nglColourShader
[01:02AM] [WARNING] :- Uniform normalMatrix Not found in Shader nglColourShader
[01:02AM] [WARNING] :- Uniform normalMatrix Not found in Shader nglColourShader
[01:02AM] [WARNING] :- Uniform normalMatrix Not found in Shader nglColourShader
[01:02AM] [WARNING] :- Uniform normalMatrix Not found in Shader nglColourShader
[01:02AM] [WARNING] :- Uniform normalMatrix Not found in Shader nglColourShader
[01:02AM] [WARNING] :- Uniform normalMatrix Not found in Shader nglColourShader
[01:02AM] [WARNING] :- Uniform normalMatrix Not found in Shader nglColourShader
[01:02AM] [WARNING] :- Uniform normalMatrix Not found in Shader nglColourShader
[01:02AM] [WARNING] :- Uniform normalMatrix Not found in Shader nglColourShader
[01:02AM] [WARNING] :- Uniform normalMatrix Not found in Shader nglColourShader
[01:02AM] [WARNING] :- Uniform normalMatrix Not found in Shader nglColourShader
[01:02AM] [WARNING] :- Uniform normalMatrix Not found in Shader nglColourShader
[01:02AM] [WARNING] :- Uniform normalMatrix Not found in Shader nglColourShader
[01:02AM] [WARNING] :- Uniform normalMatrix Not found in Shader nglColourShader
[01:02AM] [WARNING] :- Uniform normalMatrix Not found in Shader nglColourShader
[01:02AM] [WARNING] :- Uniform normalMatrix Not found in Shader nglColourShader
[01:02AM] [WARNING] :- Uniform normalMatrix Not found in Shader nglColourShader
[01:02AM] [WARNING] :- Uniform normalMatrix Not found in Shader nglColourShader
[01:02AM] [WARNING] :- Uniform normalMatrix Not found in Shader nglColourShader
[01:02AM] [WARNING] :- Uniform normalMatrix Not found in Shader nglColourShader
[01:02AM] [WARNING] :- Uniform normalMatrix Not found in Shader nglColourShader
[01:02AM] [WARNING] :- Uniform normalMatrix Not found in Shader nglColourShader
[01:02AM] [WARNING] :- Uniform normalMatrix Not found in Shader nglColourShader
[01:02AM] [WARNING] :- Uniform normalMatrix Not found in Shader nglColourShader
[01:02AM] [WARNING] :- Uniform normalMatrix Not found in Shader nglColourShader
[01:02AM] [WARNING] :- Uniform normalMatrix Not found in Shader nglColourShader
[01:02AM] [WARNING] :- Uniform normalMatrix Not found in Shader nglColourShader
[01:02AM] [WARNING] :- Uniform normalMatrix Not found in Shader nglColourShader
[01:02AM] [WARNING] :- Uniform normalMatrix Not found in Shader nglColourShader
[01:02AM] [WARNING] :- Uniform normalMatrix Not found in Shader nglColourShader
[01:02AM] [WARNING] :- Uniform normalMatrix Not found in Shader nglColourShader
[01:02AM] [WARNING] :- Uniform normalMatrix Not found in Shader nglColourShader
[01:02AM] [WARNING] :- Uniform normalMatrix Not found in Shader nglColourShader
[01:02AM] [WARNING] :- Uniform normalMatrix Not found in Shader nglColourShader
[01:02AM] [WARNING] :- Uniform normalMatrix Not found in Shader nglColourShader
[01:02AM] [WARNING] :- Uniform normalMatrix Not found in Shader nglColourShader
[01:02AM] [WARNING] :- Uniform normalMatrix Not found in Shader nglColourShader
[01:02AM] [WARNING] :- Uniform normalMatrix Not found in Shader nglColourShader
[01:02AM] [WARNING] :- Uniform normalMatrix Not found in Shader nglColourShader
[01:02AM] [WARNING] :- Uniform normalMatrix Not found in Shader nglColourShader
[01:02AM] [WARNING] :- Uniform normalMatrix Not found in Shader nglColourShader
[01:02AM] [WARNING] :- Uniform normalMatrix Not found in Shader nglColourShader
[01:02AM] [WARNING] :- Uniform normalMatrix Not found in Shader nglColourShader
[01:02AM] [WARNING] :- Uniform normalMatrix Not found in Shader nglColourShader
[01:02AM] [WARNING] :- Uniform normalMatrix Not found in Shader nglColourShader
[01:02AM] [WARNING] :- Uniform normalMatrix Not found in Shader nglColourShader
[01:02AM] [WARNING] :- Uniform normalMatrix Not found in Shader nglColourShader
[01:02AM] [WARNING] :- Uniform normalMatrix Not found in Shader nglColourShader
[01:02AM] [WARNING] :- Uniform normalMatrix Not found in Shader nglColourShader
[01:02AM] [WARNING] :- Uniform normalMatrix Not found in Shader nglColourShader
[01:02AM] [WARNING] :- Uniform normalMatrix Not found in Shader nglColourShader
[01:02AM] [WARNING] :- Uniform normalMatrix Not found in Shader nglColourShader
[01:02AM] [WARNING] :- Uniform normalMatrix Not found in Shader nglColourShader
[01:02AM] [WARNING] :- Uniform normalMatrix Not found in Shader nglColourShader
[01:02AM] [WARNING] :- Uniform normalMatrix Not found in Shader nglColourShader
[01:02AM] [WARNING] :- Uniform normalMatrix Not found in Shader nglColourShader
[01:02AM] [WARNING] :- Uniform normalMatrix Not found in Shader nglColourShader
[01:02AM] [WARNING] :- Uniform normalMatrix Not found in Shader nglColourShader
[01:02AM] [WARNING] :- Uniform normalMatrix Not found in Shader nglColourShader
[01:02AM] [WARNING] :- Uniform normalMatrix Not found in Shader nglColourShader
[01:02AM] [WARNING] :- Uniform normalMatrix Not found in Shader nglColourShader
[01:02AM] [WARNING] :- Uniform normalMatrix Not found in Shader nglColourShader
[01:02AM] [WARNING] :- Uniform normalMatrix Not found in Shader nglColourShader
[01:02AM] [WARNING] :- Uniform normalMatrix Not found in Shader nglColourShader
[01:02AM] [WARNING] :- Uniform normalMatrix Not found in Shader nglColourShader
[01:02AM] [WARNING] :- Uniform normalMatrix Not found in Shader nglColourShader
[01:02AM] [WARNING] :- Uniform normalMatrix Not found in Shader nglColourShader
[01:02AM] [WARNING] :- Uniform normalMatrix Not found in Shader nglColourShader
[01:02AM] [WARNING] :- Uniform normalMatrix Not found in Shader nglColourShader
[01:02AM] [WARNING] :- Uniform normalMatrix Not found in Shader nglColourShader
[01:02AM] [WARNING] :- Uniform normalMatrix Not found in Shader nglColourShader
[01:02AM] [WARNING] :- Uniform normalMatrix Not found in Shader nglColourShader
[01:02AM] [WARNING] :- Uniform normalMatrix Not found in Shader nglColourShader
[01:02AM] [WARNING] :- Uniform normalMatrix Not found in Shader nglColourShader
[01:02AM] [WARNING] :- Uniform normalMatrix Not found in Shader nglColourShader
[01:02AM] [WARNING] :- Uniform normalMatrix Not found in Shader nglColourShader
[01:02AM] [WARNING] :- Uniform normalMatrix Not found in Shader nglColourShader
[01:02AM] [WARNING] :- Uniform normalMatrix Not found in Shader nglColourShader
[01:02AM] [WARNING] :- Uniform normalMatrix Not found in Shader nglColourShader
[01:02AM] [WARNING] :- Uniform normalMatrix Not found in Shader nglColourShader
[01:02AM] [WARNING] :- Uniform normalMatrix Not found in Shader nglColourShader
[01:02AM] [WARNING] :- Uniform normalMatrix Not found in Shader nglColourShader
[01:02AM] [WARNING] :- Uniform normalMatrix Not found in Shader nglColourShader
[01:02AM] [WARNING] :- Uniform normalMatrix Not found in Shader nglColourShader
[01:02AM] [WARNING] :- Uniform normalMatrix Not found in Shader nglColourShader
[01:02AM] [WARNING] :- Uniform normalMatrix Not found in Shader nglColourShader
[01:02AM] [WARNING] :- Uniform normalMatrix Not found in Shader nglColourShader
[01:02AM] [WARNING] :- Uniform normalMatrix Not found in Shader nglColourShader
[01:02AM] [WARNING] :- Uniform normalMatrix Not found in Shader nglColourShader
[01:02AM] [WARNING] :- Uniform normalMatrix Not found in Shader nglColourShader
[01:02AM] [WARNING] :- Uniform normalMatrix Not found in Shader nglColourShader
[01:02AM] [WARNING] :- Uniform normalMatrix Not found in Shader nglColourShader
[01:02AM] [WARNING] :- Uniform normalMatrix Not found in Shader nglColourShader
[01:02AM] [WARNING] :- Uniform normalMatrix Not found in Shader nglColourShader
[01:02AM] [WARNING] :- Uniform normalMatrix Not found in Shader nglColourShader
[01:02AM] [WARNING] :- Uniform normalMatrix Not found in Shader nglColourShader
[01:02AM] [WARNING] :- Uniform normalMatrix Not found in Shader nglColourShader
[01:02AM] [WARNING] :- Uniform normalMatrix Not found in Shader nglColourShader
[01:02AM] [WARNING] :- Uniform normalMatrix Not found in Shader nglColourShader
[01:02AM] [WARNING] :- Uniform normalMatrix Not found in Shader nglColourShader
[01:02AM] [WARNING] :- Uniform normalMatrix Not found in Shader nglColourShader
[01:02AM] [WARNING] :- Uniform normalMatrix Not found in Shader nglColourShader
[01:02AM] [WARNING] :- Uniform normalMatrix Not found in Shader nglColourShader
[01:02AM] [WARNING] :- Uniform normalMatrix Not found in Shader nglColourShader
[01:02AM] [WARNING] :- Uniform normalMatrix Not found in Shader nglColourShader
[01:02AM] [WARNING] :- Uniform normalMatrix Not found in Shader nglColourShader
[01:02AM] [WARNING] :- Uniform normalMatrix Not found in Shader nglColourShader
[01:02AM] [WARNING] :- Uniform normalMatrix Not found in Shader nglColourShader
[01:02AM] [WARNING] :- Uniform normalMatrix Not found in Shader nglColourShader
[01:02AM] [WARNING] :- Uniform normalMatrix Not found in Shader nglColourShader
[01:02AM] [WARNING] :- Uniform normalMatrix Not found in Shader nglColourShader
[01:02AM] [WARNING] :- Uniform normalMatrix Not found in Shader nglColourShader
[01:02AM] [WARNING] :- Uniform normalMatrix Not found in Shader nglColourShader
[01:02AM] [WARNING] :- Uniform normalMatrix Not found in Shader nglColourShader
[01:02AM] [WARNING] :- Uniform normalMatrix Not found in Shader nglColourShader
[01:02AM] [WARNING] :- Uniform normalMatrix Not found in Shader nglColourShader
[01:02AM] [WARNING] :- Uniform normalMatrix Not found in Shader nglColourShader
[01:02AM] [WARNING] :- Uniform normalMatrix Not found in Shader nglColourShader
[01:02AM] [WARNING] :- Uniform normalMatrix Not found in Shader nglColourShader
[01:02AM] [WARNING] :- Uniform normalMatrix Not found in Shader nglColourShader
[01:02AM] [WARNING] :- Uniform normalMatrix Not found in Shader nglColourShader
[01:02AM] [WARNING] :- Uniform normalMatrix Not found in Shader nglColourShader
[01:02AM] [WARNING] :- Uniform normalMatrix Not found in Shader nglColourShader
[01:02AM] [WARNING] :- Uniform normalMatrix Not found in Shader nglColourShader
[01:02AM] [WARNING] :- Uniform normalMatrix Not found in Shader nglColourShader
[01:02AM] [WARNING] :- Uniform normalMatrix Not found in Shader nglColourShader
[01:02AM] [WARNING] :- Uniform normalMatrix Not found in Shader nglColourShader
[01:02AM] [WARNING] :- Uniform normalMatrix Not found in Shader nglColourShader
[01:02AM] [WARNING] :- Uniform normalMatrix Not found in Shader nglColourShader
[01:02AM] [WARNING] :- Uniform normalMatrix Not found in Shader nglColourShader
[01:02AM] [WARNING] :- Uniform normalMatrix Not found in Shader nglColourShader
[01:02AM] [WARNING] :- Uniform normalMatrix Not found in Shader nglColourShader
[01:02AM] [WARNING] :- Uniform normalMatrix Not found in Shader nglColourShader
[01:02AM] [WARNING] :- Uniform normalMatrix Not found in Shader nglColourShader
[01:02AM] [WARNING] :- Uniform normalMatrix Not found in Shader nglColourShader
[01:02AM] [WARNING] :- Uniform normalMatrix Not found in Shader nglColourShader
[01:02AM] [WARNING] :- Uniform normalMatrix Not found in Shader nglColourShader
[01:02AM] [WARNING] :- Uniform normalMatrix Not found in Shader nglColourShader
[01:02AM] [WARNING] :- Uniform normalMatrix Not found in Shader nglColourShader
[01:02AM] [WARNING] :- Uniform normalMatrix Not found in Shader nglColourShader
[01:02AM] [WARNING] :- Uniform normalMatrix Not found in Shader nglColourShader
[01:02AM] [WARNING] :- Uniform normalMatrix Not found in Shader nglColourShader
[01:02AM] [WARNING] :- Uniform normalMatrix Not found in Shader nglColourShader
[01:02AM] [WARNING] :- Uniform normalMatrix Not found in Shader nglColourShader
[01:02AM] [WARNING] :- Uniform normalMatrix Not found in Shader nglColourShader
[01:02AM] [WARNING] :- Uniform normalMatrix Not found in Shader nglColourShader
[01:02AM] [WARNING] :- Uniform normalMatrix Not found in Shader nglColourShader
[01:02AM] [WARNING] :- Uniform normalMatrix Not found in Shader nglColourShader
[01:02AM] [WARNING] :- Uniform normalMatrix Not found in Shader nglColourShader
[01:02AM] [WARNING] :- Uniform normalMatrix Not found in Shader nglColourShader
[01:02AM] [WARNING] :- Uniform normalMatrix Not found in Shader nglColourShader
[01:02AM] [WARNING] :- Uniform normalMatrix Not found in Shader nglColourShader
[01:02AM] [WARNING] :- Uniform normalMatrix Not found in Shader nglColourShader
[01:02AM] [WARNING] :- Uniform normalMatrix Not found in Shader nglColourShader
[01:02AM] [WARNING] :- Uniform normalMatrix Not found in Shader nglColourShader
[01:02AM] [WARNING] :- Uniform normalMatrix Not found in Shader nglColourShader
[01:02AM] [WARNING] :- Uniform normalMatrix Not found in Shader nglColourShader
[01:02AM] [WARNING] :- Uniform normalMatrix Not found in Shader nglColourShader
[01:02AM] [WARNING] :- Uniform normalMatrix Not found in Shader nglColourShader
[01:02AM] [WARNING] :- Uniform normalMatrix Not found in Shader nglColourShader
[01:02AM] [WARNING] :- Uniform normalMatrix Not found in Shader nglColourShader
[01:02AM] [WARNING] :- Uniform normalMatrix Not found in Shader nglColourShader
[01:02AM] [WARNING] :- Uniform normalMatrix Not found in Shader nglColourShader
[01:02AM] [WARNING] :- Uniform normalMatrix Not found in Shader nglColourShader
[01:02AM] [WARNING] :- Uniform normalMatrix Not found in Shader nglColourShader
[01:02AM] [WARNING] :- Uniform normalMatrix Not found in Shader nglColourShader
[01:02AM] [WARNING] :- Uniform normalMatrix Not found in Shader nglColourShader
[01:02AM] [WARNING] :- Uniform normalMatrix Not found in Shader nglColourShader
[01:02AM] [WARNING] :- Uniform normalMatrix Not found in Shader nglColourShader
[01:02AM] [WARNING] :- Uniform normalMatrix Not found in Shader nglColourShader
[01:02AM] [WARNING] :- Uniform normalMatrix Not found in Shader nglColourShader
[01:02AM] [WARNING] :- Uniform normalMatrix Not found in Shader nglColourShader
[01:02AM] [WARNING] :- Uniform normalMatrix Not found in Shader nglColourShader
[01:02AM] [WARNING] :- Uniform normalMatrix Not found in Shader nglColourShader
[01:02AM] [WARNING] :- Uniform normalMatrix Not found in Shader nglColourShader
[01:02AM] [WARNING] :- Uniform normalMatrix Not found in Shader nglColourShader
[01:02AM] [WARNING] :- Uniform normalMatrix Not found in Shader nglColourShader
[01:02AM] [WARNING] :- Uniform normalMatrix Not found in Shader nglColourShader
[01:02AM] [WARNING] :- Uniform normalMatrix Not found in Shader nglColourShader
[01:02AM] [WARNING] :- Uniform normalMatrix Not found in Shader nglColourShader
[01:02AM] [WARNING] :- Uniform normalMatrix Not found in Shader nglColourShader
[01:02AM] [WARNING] :- Uniform normalMatrix Not found in Shader nglColourShader
[01:02AM] [WARNING] :- Uniform normalMatrix Not found in Shader nglColourShader
[01:02AM] [WARNING] :- Uniform normalMatrix Not found in Shader nglColourShader
[01:02AM] [WARNING] :- Uniform normalMatrix Not found in Shader nglColourShader
[01:02AM] [WARNING] :- Uniform normalMatrix Not found in Shader nglColourShader
[01:02AM] [WARNING] :- Uniform normalMatrix Not found in Shader nglColourShader
[01:02AM] [WARNING] :- Uniform normalMatrix Not found in Shader nglColourShader
[01:02AM] [WARNING] :- Uniform normalMatrix Not found in Shader nglColourShader
[01:02AM] [WARNING] :- Uniform normalMatrix Not found in Shader nglColourShader
[01:02AM] [WARNING] :- Uniform normalMatrix Not found in Shader nglColourShader
[01:02AM] [WARNING] :- Uniform normalMatrix Not found in Shader nglColourShader
[01:02AM] [WARNING] :- Uniform normalMatrix Not found in Shader nglColourShader
[01:02AM] [WARNING] :- Uniform normalMatrix Not found in Shader nglColourShader
[01:02AM] [WARNING] :- Uniform normalMatrix Not found in Shader nglColourShader
[01:02AM] [WARNING] :- Uniform normalMatrix Not found in Shader nglColourShader
[01:02AM] [WARNING] :- Uniform normalMatrix Not found in Shader nglColourShader
[01:02AM] [WARNING] :- Uniform normalMatrix Not found in Shader nglColourShader
[01:02AM] [WARNING] :- Uniform normalMatrix Not found in Shader nglColourShader
[01:02AM] [WARNING] :- Uniform normalMatrix Not found in Shader nglColourShader
[01:02AM] [WARNING] :- Uniform normalMatrix Not found in Shader nglColourShader
[01:02AM] [WARNING] :- Uniform normalMatrix Not found in Shader nglColourShader
[01:02AM] [WARNING] :- Uniform normalMatrix Not found in Shader nglColourShader
[01:02AM] [WARNING] :- Uniform normalMatrix Not found in Shader nglColourShader
[01:02AM] [WARNING] :- Uniform normalMatrix Not found in Shader nglColourShader
[01:02AM] [WARNING] :- Uniform normalMatrix Not found in Shader nglColourShader
[01:02AM] [WARNING] :- Uniform normalMatrix Not found in Shader nglColourShader
[01:02AM] [WARNING] :- Uniform normalMatrix Not found in Shader nglColourShader
[01:02AM] [WARNING] :- Uniform normalMatrix Not found in Shader nglColourShader
[01:02AM] [WARNING] :- Uniform normalMatrix Not found in Shader nglColourShader
[01:02AM] [WARNING] :- Uniform normalMatrix Not found in Shader nglColourShader
[01:02AM] [WARNING] :- Uniform normalMatrix Not found in Shader nglColourShader
[01:02AM] [WARNING] :- Uniform normalMatrix Not found in Shader nglColourShader
[01:02AM] [WARNING] :- Uniform normalMatrix Not found in Shader nglColourShader
[01:02AM] [WARNING] :- Uniform normalMatrix Not found in Shader nglColourShader
[01:02AM] [WARNING] :- Uniform normalMatrix Not found in Shader nglColourShader
[01:02AM] [WARNING] :- Uniform normalMatrix Not found in Shader nglColourShader
[01:02AM] [WARNING] :- Uniform normalMatrix Not found in Shader nglColourShader
[01:02AM] [WARNING] :- Uniform normalMatrix Not found in Shader nglColourShader
[01:02AM] [WARNING] :- Uniform normalMatrix Not found in Shader nglColourShader
[01:02AM] [WARNING] :- Uniform normalMatrix Not found in Shader nglColourShader
[01:02AM] [WARNING] :- Uniform normalMatrix Not found in Shader nglColourShader
[01:02AM] [WARNING] :- Uniform normalMatrix Not found in Shader nglColourShader
[01:02AM] [WARNING] :- Uniform normalMatrix Not found in Shader nglColourShader
[01:02AM] [WARNING] :- Uniform normalMatrix Not found in Shader nglColourShader
[01:02AM] [WARNING] :- Uniform normalMatrix Not found in Shader nglColourShader
[01:02AM] [WARNING] :- Uniform normalMatrix Not found in Shader nglColourShader
[01:02AM] [WARNING] :- Uniform normalMatrix Not found in Shader nglColourShader
[01:02AM] [WARNING] :- Uniform normalMatrix Not found in Shader nglColourShader
[01:02AM] [WARNING] :- Uniform normalMatrix Not found in Shader nglColourShader
[01:02AM] [WARNING] :- Uniform normalMatrix Not found in Shader nglColourShader
[01:02AM] [WARNING] :- Uniform normalMatrix Not found in Shader nglColourShader
[01:02AM] [WARNING] :- Uniform normalMatrix Not found in Shader nglColourShader
[01:02AM] [WARNING] :- Uniform normalMatrix Not found in Shader nglColourShader
[01:02AM] [WARNING] :- Uniform normalMatrix Not found in Shader nglColourShader
[01:02AM] [WARNING] :- Uniform normalMatrix Not found in Shader nglColourShader
[01:02AM] [WARNING] :- Uniform normalMatrix Not found in Shader nglColourShader
[01:02AM] [WARNING] :- Uniform normalMatrix Not found in Shader nglColourShader
[01:02AM] [WARNING] :- Uniform normalMatrix Not found in Shader nglColourShader
[01:02AM] [WARNING] :- Uniform normalMatrix Not found in Shader nglColourShader
[01:02AM] [WARNING] :- Uniform normalMatrix Not found in Shader nglColourShader
[01:02AM] [WARNING] :- Uniform normalMatrix Not found in Shader nglColourShader
[01:02AM] [WARNING] :- Uniform normalMatrix Not found in Shader nglColourShader
[01:02AM] [WARNING] :- Uniform normalMatrix Not found in Shader nglColourShader
[01:02AM] [WARNING] :- Uniform normalMatrix Not found in Shader nglColourShader
[01:02AM] [WARNING] :- Uniform normalMatrix Not found in Shader nglColourShader
[01:02AM] [WARNING] :- Uniform normalMatrix Not found in Shader nglColourShader
[01:02AM] [WARNING] :- Uniform normalMatrix Not found in Shader nglColourShader
[01:02AM] [WARNING] :- Uniform normalMatrix Not found in Shader nglColourShader
[01:02AM] [WARNING] :- Uniform normalMatrix Not found in Shader nglColourShader
[01:02AM] [WARNING] :- Uniform normalMatrix Not found in Shader nglColourShader
[01:02AM] [WARNING] :- Uniform normalMatrix Not found in Shader nglColourShader
[01:02AM] [WARNING] :- Uniform normalMatrix Not found in Shader nglColourShader
[01:02AM] [WARNING] :- Uniform normalMatrix Not found in Shader nglColourShader
[01:02AM] [WARNING] :- Uniform normalMatrix Not found in Shader nglColourShader
[01:02AM] [WARNING] :- Uniform normalMatrix Not found in Shader nglColourShader
[01:02AM] [WARNING] :- Uniform normalMatrix Not found in Shader nglColourShader
[01:02AM] [WARNING] :- Uniform normalMatrix Not found in Shader nglColourShader
[01:02AM] [WARNING] :- Uniform normalMatrix Not found in Shader nglColourShader
[01:02AM] [WARNING] :- Uniform normalMatrix Not found in Shader nglColourShader
[01:02AM] [WARNING] :- Uniform normalMatrix Not found in Shader nglColourShader
[01:02AM] [WARNING] :- Uniform normalMatrix Not found in Shader nglColourShader
[01:02AM] [WARNING] :- Uniform normalMatrix Not found in Shader nglColourShader
[01:02AM] [WARNING] :- Uniform normalMatrix Not found in Shader nglColourShader
[01:02AM] [WARNING] :- Uniform normalMatrix Not found in Shader nglColourShader
[01:02AM] [WARNING] :- Uniform normalMatrix Not found in Shader nglColourShader
[01:02AM] [WARNING] :- Uniform normalMatrix Not found in Shader nglColourShader
[01:02AM] [WARNING] :- Uniform normalMatrix Not found in Shader nglColourShader
[01:02AM] [WARNING] :- Uniform normalMatrix Not found in Shader nglColourShader
[01:02AM] [WARNING] :- Uniform normalMatrix Not found in Shader nglColourShader
[01:02AM] [WARNING] :- Uniform normalMatrix Not found in Shader nglColourShader
[01:02AM] [WARNING] :- Uniform normalMatrix Not found in Shader nglColourShader
[01:02AM] [WARNING] :- Uniform normalMatrix Not found in Shader nglColourShader
[01:02AM] [WARNING] :- Uniform normalMatrix Not found in Shader nglColourShader
[01:02AM] [WARNING] :- Uniform normalMatrix Not found in Shader nglColourShader
[01:02AM] [WARNING] :- Uniform normalMatrix Not found in Shader nglColourShader
[01:02AM] [WARNING] :- Uniform normalMatrix Not found in Shader nglColourShader
[01:02AM] [WARNING] :- Uniform normalMatrix Not found in Shader nglColourShader
[01:02AM] [WARNING] :- Uniform normalMatrix Not found in Shader nglColourShader
[01:02AM] [WARNING] :- Uniform normalMatrix Not found in Shader nglColourShader
[01:02AM] [WARNING] :- Uniform normalMatrix Not found in Shader nglColourShader
[01:02AM] [WARNING] :- Uniform normalMatrix Not found in Shader nglColourShader
[01:02AM] [WARNING] :- Uniform normalMatrix Not found in Shader nglColourShader
[01:02AM] [WARNING] :- Uniform normalMatrix Not found in Shader nglColourShader
[01:02AM] [WARNING] :- Uniform normalMatrix Not found in Shader nglColourShader
[01:02AM] [WARNING] :- Uniform normalMatrix Not found in Shader nglColourShader
[01:02AM] [WARNING] :- Uniform normalMatrix Not found in Shader nglColourShader
[01:02AM] [WARNING] :- Uniform normalMatrix Not found in Shader nglColourShader
[01:02AM] [WARNING] :- Uniform normalMatrix Not found in Shader nglColourShader
[01:02AM] [WARNING] :- Uniform normalMatrix Not found in Shader nglColourShader
[01:02AM] [WARNING] :- Uniform normalMatrix Not found in Shader nglColourShader
[01:02AM] [WARNING] :- Uniform normalMatrix Not found in Shader nglColourShader
[01:02AM] [WARNING] :- Uniform normalMatrix Not found in Shader nglColourShader
[01:02AM] [WARNING] :- Uniform normalMatrix Not found in Shader nglColourShader
[01:02AM] [WARNING] :- Uniform normalMatrix Not found in Shader nglColourShader
[01:02AM] [WARNING] :- Uniform normalMatrix Not found in Shader nglColourShader
[01:02AM] [WARNING] :- Uniform normalMatrix Not found in Shader nglColourShader
[01:02AM] [WARNING] :- Uniform normalMatrix Not found in Shader nglColourShader
[01:02AM] [WARNING] :- Uniform normalMatrix Not found in Shader nglColourShader
[01:02AM] [WARNING] :- Uniform normalMatrix Not found in Shader nglColourShader
[01:02AM] [WARNING] :- Uniform normalMatrix Not found in Shader nglColourShader
[01:02AM] [WARNING] :- Uniform normalMatrix Not found in Shader nglColourShader
[01:02AM] [WARNING] :- Uniform normalMatrix Not found in Shader nglColourShader
[01:02AM] [WARNING] :- Uniform normalMatrix Not found in Shader nglColourShader
[01:02AM] [WARNING] :- Uniform normalMatrix Not found in Shader nglColourShader
[01:02AM] [WARNING] :- Uniform normalMatrix Not found in Shader nglColourShader
[01:02AM] [WARNING] :- Uniform normalMatrix Not found in Shader nglColourShader
[01:02AM] [WARNING] :- Uniform normalMatrix Not found in Shader nglColourShader
[01:02AM] [WARNING] :- Uniform normalMatrix Not found in Shader nglColourShader
[01:02AM] [WARNING] :- Uniform normalMatrix Not found in Shader nglColourShader
[01:02AM] [WARNING] :- Uniform normalMatrix Not found in Shader nglColourShader
[01:02AM] [WARNING] :- Uniform normalMatrix Not found in Shader nglColourShader
[01:02AM] [WARNING] :- Uniform normalMatrix Not found in Shader nglColourShader
[01:02AM] [WARNING] :- Uniform normalMatrix Not found in Shader nglColourShader
[01:02AM] [WARNING] :- Uniform normalMatrix Not found in Shader nglColourShader
[01:02AM] [WARNING] :- Uniform normalMatrix Not found in Shader nglColourShader
[01:02AM] [WARNING] :- Uniform normalMatrix Not found in Shader nglColourShader
[01:02AM] [WARNING] :- Uniform normalMatrix Not found in Shader nglColourShader
[01:02AM] [WARNING] :- Uniform normalMatrix Not found in Shader nglColourShader
[01:02AM] [WARNING] :- Uniform normalMatrix Not found in Shader nglColourShader
[01:02AM] [WARNING] :- Uniform normalMatrix Not found in Shader nglColourShader
[01:02AM] [WARNING] :- Uniform normalMatrix Not found in Shader nglColourShader
[01:02AM] [WARNING] :- Uniform normalMatrix Not found in Shader nglColourShader
[01:02AM] [WARNING] :- Uniform normalMatrix Not found in Shader nglColourShader
[01:02AM] [WARNING] :- Uniform normalMatrix Not found in Shader nglColourShader
[01:02AM] [WARNING] :- Uniform normalMatrix Not found in Shader nglColourShader
[01:02AM] [WARNING] :- Uniform normalMatrix Not found in Shader nglColourShader
[01:02AM] [WARNING] :- Uniform normalMatrix Not found in Shader nglColourShader
[01:02AM] [WARNING] :- Uniform normalMatrix Not found in Shader nglColourShader
[01:02AM] [WARNING] :- Uniform normalMatrix Not found in Shader nglColourShader
[01:02AM] [WARNING] :- Uniform normalMatrix Not found in Shader nglColourShader
[01:02AM] [WARNING] :- Uniform normalMatrix Not found in Shader nglColourShader
[01:02AM] [WARNING] :- Uniform normalMatrix Not found in Shader nglColourShader
[01:02AM] [WARNING] :- Uniform normalMatrix Not found in Shader nglColourShader
[01:02AM] [WARNING] :- Uniform normalMatrix Not found in Shader nglColourShader
[01:02AM] [WARNING] :- Uniform normalMatrix Not found in Shader nglColourShader
[01:02AM] [WARNING] :- Uniform normalMatrix Not found in Shader nglColourShader
[01:02AM] [WARNING] :- Uniform normalMatrix Not found in Shader nglColourShader
[01:02AM] [WARNING] :- Uniform normalMatrix Not found in Shader nglColourShader
[01:02AM] [WARNING] :- Uniform normalMatrix Not found in Shader nglColourShader
[01:02AM] [WARNING] :- Uniform normalMatrix Not found in Shader nglColourShader
[01:02AM] [WARNING] :- Uniform normalMatrix Not found in Shader nglColourShader
[01:02AM] [WARNING] :- Uniform normalMatrix Not found in Shader nglColourShader
[01:02AM] [WARNING] :- Uniform normalMatrix Not found in Shader nglColourShader
[01:02AM] [WARNING] :- Uniform normalMatrix Not found in Shader nglColourShader
[01:02AM] [WARNING] :- Uniform normalMatrix Not found in Shader nglColourShader
[01:02AM] [WARNING] :- Uniform normalMatrix Not found in Shader nglColourShader
[01:02AM] [WARNING] :- Uniform normalMatrix Not found in Shader nglColourShader
[01:02AM] [WARNING] :- Uniform normalMatrix Not found in Shader nglColourShader
[01:02AM] [WARNING] :- Uniform normalMatrix Not found in Shader nglColourShader
[01:02AM] [WARNING] :- Uniform normalMatrix Not found in Shader nglColourShader
[01:02AM] [WARNING] :- Uniform normalMatrix Not found in Shader nglColourShader
[01:02AM] [WARNING] :- Uniform normalMatrix Not found in Shader nglColourShader
[01:02AM] [WARNING] :- Uniform normalMatrix Not found in Shader nglColourShader
[01:02AM] [WARNING] :- Uniform normalMatrix Not found in Shader nglColourShader
[01:02AM] [WARNING] :- Uniform normalMatrix Not found in Shader nglColourShader
[01:02AM] [WARNING] :- Uniform normalMatrix Not found in Shader nglColourShader
[01:02AM] [WARNING] :- Uniform normalMatrix Not found in Shader nglColourShader
[01:02AM] [WARNING] :- Uniform normalMatrix Not found in Shader nglColourShader
[01:02AM] [WARNING] :- Uniform normalMatrix Not found in Shader nglColourShader
[01:02AM] [WARNING] :- Uniform normalMatrix Not found in Shader nglColourShader
[01:02AM] [WARNING] :- Uniform normalMatrix Not found in Shader nglColourShader
[01:02AM] [WARNING] :- Uniform normalMatrix Not found in Shader nglColourShader
[01:02AM] [WARNING] :- Uniform normalMatrix Not found in Shader nglColourShader
[01:02AM] [WARNING] :- Uniform normalMatrix Not found in Shader nglColourShader
[01:02AM] [WARNING] :- Uniform normalMatrix Not found in Shader nglColourShader
[01:02AM] [WARNING] :- Uniform normalMatrix Not found in Shader nglColourShader
[01:02AM] [WARNING] :- Uniform normalMatrix Not found in Shader nglColourShader
[01:02AM] [WARNING] :- Uniform normalMatrix Not found in Shader nglColourShader
[01:02AM] [WARNING] :- Uniform normalMatrix Not found in Shader nglColourShader
[01:02AM] [WARNING] :- Uniform normalMatrix Not found in Shader nglColourShader
[01:02AM] [WARNING] :- Uniform normalMatrix Not found in Shader nglColourShader
[01:02AM] [WARNING] :- Uniform normalMatrix Not found in Shader nglColourShader
[01:02AM] [WARNING] :- Uniform normalMatrix Not found in Shader nglColourShader
[01:02AM] [WARNING] :- Uniform normalMatrix Not found in Shader nglColourShader
[01:02AM] [WARNING] :- Uniform normalMatrix Not found in Shader nglColourShader
[01:02AM] [WARNING] :- Uniform normalMatrix Not found in Shader nglColourShader
[01:02AM] [WARNING] :- Uniform normalMatrix Not found in Shader nglColourShader
[01:02AM] [WARNING] :- Uniform normalMatrix Not found in Shader nglColourShader
[01:02AM] [WARNING] :- Uniform normalMatrix Not found in Shader nglColourShader
[01:02AM] [WARNING] :- Uniform normalMatrix Not found in Shader nglColourShader
[01:02AM] [WARNING] :- Uniform normalMatrix Not found in Shader nglColourShader
[01:02AM] [WARNING] :- Uniform normalMatrix Not found in Shader nglColourShader
[01:02AM] [WARNING] :- Uniform normalMatrix Not found in Shader nglColourShader
[01:02AM] [WARNING] :- Uniform normalMatrix Not found in Shader nglColourShader
[01:02AM] [WARNING] :- Uniform normalMatrix Not found in Shader nglColourShader
[01:02AM] [WARNING] :- Uniform normalMatrix Not found in Shader nglColourShader
[01:02AM] [WARNING] :- Uniform normalMatrix Not found in Shader nglColourShader
[01:02AM] [WARNING] :- Uniform normalMatrix Not found in Shader nglColourShader
[01:02AM] [WARNING] :- Uniform normalMatrix Not found in Shader nglColourShader
[01:02AM] [WARNING] :- Uniform normalMatrix Not found in Shader nglColourShader
[01:02AM] [WARNING] :- Uniform normalMatrix Not found in Shader nglColourShader
[01:02AM] [WARNING] :- Uniform normalMatrix Not found in Shader nglColourShader
[01:02AM] [WARNING] :- Uniform normalMatrix Not found in Shader nglColourShader
[01:02AM] [WARNING] :- Uniform normalMatrix Not found in Shader nglColourShader
[01:02AM] [WARNING] :- Uniform normalMatrix Not found in Shader nglColourShader
[01:02AM] [WARNING] :- Uniform normalMatrix Not found in Shader nglColourShader
[01:02AM] [WARNING] :- Uniform normalMatrix Not found in Shader nglColourShader
[01:02AM] [WARNING] :- Uniform normalMatrix Not found in Shader nglColourShader
[01:02AM] [WARNING] :- Uniform normalMatrix Not found in Shader nglColourShader
[01:02AM] [WARNING] :- Uniform normalMatrix Not found in Shader nglColourShader
[01:02AM] [WARNING] :- Uniform normalMatrix Not found in Shader nglColourShader
[01:02AM] [WARNING] :- Uniform normalMatrix Not found in Shader nglColourShader
[01:02AM] [WARNING] :- Uniform normalMatrix Not found in Shader nglColourShader
[01:02AM] [WARNING] :- Uniform normalMatrix Not found in Shader nglColourShader
[01:02AM] [WARNING] :- Uniform normalMatrix Not found in Shader nglColourShader
[01:02AM] [WARNING] :- Uniform normalMatrix Not found in Shader nglColourShader
[01:02AM] [WARNING] :- Uniform normalMatrix Not found in Shader nglColourShader
[01:02AM] [WARNING] :- Uniform normalMatrix Not found in Shader nglColourShader
[01:02AM] [WARNING] :- Uniform normalMatrix Not found in Shader nglColourShader
[01:02AM] [WARNING] :- Uniform normalMatrix Not found in Shader nglColourShader
[01:02AM] [WARNING] :- Uniform normalMatrix Not found in Shader nglColourShader
[01:02AM] [WARNING] :- Uniform normalMatrix Not found in Shader nglColourShader
[01:02AM] [WARNING] :- Uniform normalMatrix Not found in Shader nglColourShader
[01:02AM] [WARNING] :- Uniform normalMatrix Not found in Shader nglColourShader
[01:02AM] [WARNING] :- Uniform normalMatrix Not found in Shader nglColourShader
[01:02AM] [WARNING] :- Uniform normalMatrix Not found in Shader nglColourShader
[01:02AM] [WARNING] :- Uniform normalMatrix Not found in Shader nglColourShader
[01:02AM] [WARNING] :- Uniform normalMatrix Not found in Shader nglColourShader
[01:02AM] [WARNING] :- Uniform normalMatrix Not found in Shader nglColourShader
[01:02AM] [WARNING] :- Uniform normalMatrix Not found in Shader nglColourShader
[01:02AM] [WARNING] :- Uniform normalMatrix Not found in Shader nglColourShader
[01:02AM] [WARNING] :- Uniform normalMatrix Not found in Shader nglColourShader
[01:02AM] [WARNING] :- Uniform normalMatrix Not found in Shader nglColourShader
[01:02AM] [WARNING] :- Uniform normalMatrix Not found in Shader nglColourShader
[01:02AM] [WARNING] :- Uniform normalMatrix Not found in Shader nglColourShader
[01:02AM] [WARNING] :- Uniform normalMatrix Not found in Shader nglColourShader
[01:02AM] [WARNING] :- Uniform normalMatrix Not found in Shader nglColourShader
[01:02AM] [WARNING] :- Uniform normalMatrix Not found in Shader nglColourShader
[01:02AM] [WARNING] :- Uniform normalMatrix Not found in Shader nglColourShader
[01:02AM] [WARNING] :- Uniform normalMatrix Not found in Shader nglColourShader
[01:02AM] [WARNING] :- Uniform normalMatrix Not found in Shader nglColourShader
[01:02AM] [WARNING] :- Uniform normalMatrix Not found in Shader nglColourShader
[01:02AM] [WARNING] :- Uniform normalMatrix Not found in Shader nglColourShader
[01:02AM] [WARNING] :- Uniform normalMatrix Not found in Shader nglColourShader
[01:02AM] [WARNING] :- Uniform normalMatrix Not found in Shader nglColourShader
[01:02AM] [WARNING] :- Uniform normalMatrix Not found in Shader nglColourShader
[01:02AM] [WARNING] :- Uniform normalMatrix Not found in Shader nglColourShader
[01:02AM] [WARNING] :- Uniform normalMatrix Not found in Shader nglColourShader
[01:02AM] [WARNING] :- Uniform normalMatrix Not found in Shader nglColourShader
[01:02AM] [WARNING] :- Uniform normalMatrix Not found in Shader nglColourShader
[01:02AM] [WARNING] :- Uniform normalMatrix Not found in Shader nglColourShader
[01:02AM] [WARNING] :- Uniform normalMatrix Not found in Shader nglColourShader
[01:02AM] [WARNING] :- Uniform normalMatrix Not found in Shader nglColourShader
[01:02AM] [WARNING] :- Uniform normalMatrix Not found in Shader nglColourShader
[01:02AM] [WARNING] :- Uniform normalMatrix Not found in Shader nglColourShader
[01:02AM] [WARNING] :- Uniform normalMatrix Not found in Shader nglColourShader
[01:02AM] [WARNING] :- Uniform normalMatrix Not found in Shader nglColourShader
[01:02AM] [WARNING] :- Uniform normalMatrix Not found in Shader nglColourShader
[01:02AM] [WARNING] :- Uniform normalMatrix Not found in Shader nglColourShader
[01:02AM] [WARNING] :- Uniform normalMatrix Not found in Shader nglColourShader
[01:02AM] [WARNING] :- Uniform normalMatrix Not found in Shader nglColourShader
[01:02AM] [WARNING] :- Uniform normalMatrix Not found in Shader nglColourShader
[01:02AM] [WARNING] :- Uniform normalMatrix Not found in Shader nglColourShader
[01:02AM] [WARNING] :- Uniform normalMatrix Not found in Shader nglColourShader
[01:02AM] [WARNING] :- Uniform normalMatrix Not found in Shader nglColourShader
[01:02AM] [WARNING] :- Uniform normalMatrix Not found in Shader nglColourShader
[01:02AM] [WARNING] :- Uniform normalMatrix Not found in Shader nglColourShader
[01:02AM] [WARNING] :- Uniform normalMatrix Not found in Shader nglColourShader
[01:02AM] [WARNING] :- Uniform normalMatrix Not found in Shader nglColourShader
[01:02AM] [WARNING] :- Uniform normalMatrix Not found in Shader nglColourShader
[01:02AM] [WARNING] :- Uniform normalMatrix Not found in Shader nglColourShader
[01:02AM] [WARNING] :- Uniform normalMatrix Not found in Shader nglColourShader
[01:02AM] [WARNING] :- Uniform normalMatrix Not found in Shader nglColourShader
[01:02AM] [WARNING] :- Uniform normalMatrix Not found in Shader nglColourShader
[01:02AM] [WARNING] :- Uniform normalMatrix Not found in Shader nglColourShader
[01:02AM] [WARNING] :- Uniform normalMatrix Not found in Shader nglColourShader
[01:02AM] [WARNING] :- Uniform normalMatrix Not found in Shader nglColourShader
[01:02AM] [WARNING] :- Uniform normalMatrix Not found in Shader nglColourShader
[01:02AM] [WARNING] :- Uniform normalMatrix Not found in Shader nglColourShader
[01:02AM] [WARNING] :- Uniform normalMatrix Not found in Shader nglColourShader
[01:02AM] [WARNING] :- Uniform normalMatrix Not found in Shader nglColourShader
[01:02AM] [WARNING] :- Uniform normalMatrix Not found in Shader nglColourShader
[01:02AM] [WARNING] :- Uniform normalMatrix Not found in Shader nglColourShader
[01:02AM] [WARNING] :- Uniform normalMatrix Not found in Shader nglColourShader
[01:02AM] [WARNING] :- Uniform normalMatrix Not found in Shader nglColourShader
[01:02AM] [WARNING] :- Uniform normalMatrix Not found in Shader nglColourShader
[01:02AM] [WARNING] :- Uniform normalMatrix Not found in Shader nglColourShader
[01:02AM] [WARNING] :- Uniform normalMatrix Not found in Shader nglColourShader
[01:02AM] [WARNING] :- Uniform normalMatrix Not found in Shader nglColourShader
[01:02AM] [WARNING] :- Uniform normalMatrix Not found in Shader nglColourShader
[01:02AM] [WARNING] :- Uniform normalMatrix Not found in Shader nglColourShader
[01:02AM] [WARNING] :- Uniform normalMatrix Not found in Shader nglColourShader
[01:02AM] [WARNING] :- Uniform normalMatrix Not found in Shader nglColourShader
[01:02AM] [WARNING] :- Uniform normalMatrix Not found in Shader nglColourShader
[01:02AM] [WARNING] :- Uniform normalMatrix Not found in Shader nglColourShader
[01:02AM] [WARNING] :- Uniform normalMatrix Not found in Shader nglColourShader
[01:02AM] [WARNING] :- Uniform normalMatrix Not found in Shader nglColourShader
[01:02AM] [WARNING] :- Uniform normalMatrix Not found in Shader nglColourShader
[01:02AM] [WARNING] :- Uniform normalMatrix Not found in Shader nglColourShader
[01:02AM] [WARNING] :- Uniform normalMatrix Not found in Shader nglColourShader
[01:02AM] [WARNING] :- Uniform normalMatrix Not found in Shader nglColourShader
[01:02AM] [WARNING] :- Uniform normalMatrix Not found in Shader nglColourShader
[01:02AM] [WARNING] :- Uniform normalMatrix Not found in Shader nglColourShader
[01:02AM] [WARNING] :- Uniform normalMatrix Not found in Shader nglColourShader
[01:02AM] [WARNING] :- Uniform normalMatrix Not found in Shader nglColourShader
[01:02AM] [WARNING] :- Uniform normalMatrix Not found in Shader nglColourShader
[01:02AM] [WARNING] :- Uniform normalMatrix Not found in Shader nglColourShader
[01:02AM] [WARNING] :- Uniform normalMatrix Not found in Shader nglColourShader
[01:02AM] [WARNING] :- Uniform normalMatrix Not found in Shader nglColourShader
[01:02AM] [WARNING] :- Uniform normalMatrix Not found in Shader nglColourShader
[01:02AM] [WARNING] :- Uniform normalMatrix Not found in Shader nglColourShader
[01:02AM] [WARNING] :- Uniform normalMatrix Not found in Shader nglColourShader
[01:02AM] [WARNING] :- Uniform normalMatrix Not found in Shader nglColourShader
[01:02AM] [WARNING] :- Uniform normalMatrix Not found in Shader nglColourShader
[01:02AM] [WARNING] :- Uniform normalMatrix Not found in Shader nglColourShader
[01:02AM] [WARNING] :- Uniform normalMatrix Not found in Shader nglColourShader
[01:02AM] [WARNING] :- Uniform normalMatrix Not found in Shader nglColourShader
[01:02AM] [WARNING] :- Uniform normalMatrix Not found in Shader nglColourShader
[01:02AM] [WARNING] :- Uniform normalMatrix Not found in Shader nglColourShader
[01:02AM] [WARNING] :- Uniform normalMatrix Not found in Shader nglColourShader
[01:02AM] [WARNING] :- Uniform normalMatrix Not found in Shader nglColourShader
[01:02AM] [WARNING] :- Uniform normalMatrix Not found in Shader nglColourShader
[01:02AM] [WARNING] :- Uniform normalMatrix Not found in Shader nglColourShader
[01:02AM] [WARNING] :- Uniform normalMatrix Not found in Shader nglColourShader
[01:02AM] [WARNING] :- Uniform normalMatrix Not found in Shader nglColourShader
[01:02AM] [WARNING] :- Uniform normalMatrix Not found in Shader nglColourShader
[01:02AM] [WARNING] :- Uniform normalMatrix Not found in Shader nglColourShader
[01:02AM] [WARNING] :- Uniform normalMatrix Not found in Shader nglColourShader
[01:02AM] [WARNING] :- Uniform normalMatrix Not found in Shader nglColourShader
[01:02AM] [WARNING] :- Uniform normalMatrix Not found in Shader nglColourShader
[01:02AM] [WARNING] :- Uniform normalMatrix Not found in Shader nglColourShader
[01:02AM] [WARNING] :- Uniform normalMatrix Not found in Shader nglColourShader
[01:02AM] [WARNING] :- Uniform normalMatrix Not found in Shader nglColourShader
[01:02AM] [WARNING] :- Uniform normalMatrix Not found in Shader nglColourShader
[01:02AM] [WARNING] :- Uniform normalMatrix Not found in Shader nglColourShader
[01:02AM] [WARNING] :- Uniform normalMatrix Not found in Shader nglColourShader
[01:02AM] [WARNING] :- Uniform normalMatrix Not found in Shader nglColourShader
[01:02AM] [WARNING] :- Uniform normalMatrix Not found in Shader nglColourShader
[01:02AM] [WARNING] :- Uniform normalMatrix Not found in Shader nglColourShader
[01:02AM] [WARNING] :- Uniform normalMatrix Not found in Shader nglColourShader
[01:02AM] [WARNING] :- Uniform normalMatrix Not found in Shader nglColourShader
[01:02AM] [WARNING] :- Uniform normalMatrix Not found in Shader nglColourShader
[01:02AM] [WARNING] :- Uniform normalMatrix Not found in Shader nglColourShader
[01:02AM] [WARNING] :- Uniform normalMatrix Not found in Shader nglColourShader
[01:02AM] [WARNING] :- Uniform normalMatrix Not found in Shader nglColourShader
[01:02AM] [WARNING] :- Uniform normalMatrix Not found in Shader nglColourShader
[01:02AM] [WARNING] :- Uniform normalMatrix Not found in Shader nglColourShader
